Explain
STAGE DEPENDENCIES:
"  Stage-12 is a root stage , consists of Stage-15, Stage-16, Stage-1"
  Stage-15 has a backup stage: Stage-1
  Stage-10 depends on stages: Stage-15
"  Stage-9 depends on stages: Stage-1, Stage-10, Stage-11 , consists of Stage-13, Stage-14, Stage-2"
  Stage-13 has a backup stage: Stage-2
  Stage-7 depends on stages: Stage-13
"  Stage-3 depends on stages: Stage-2, Stage-7, Stage-8"
  Stage-4 depends on stages: Stage-3
  Stage-14 has a backup stage: Stage-2
  Stage-8 depends on stages: Stage-14
  Stage-2
  Stage-16 has a backup stage: Stage-1
  Stage-11 depends on stages: Stage-16
  Stage-1
  Stage-0 depends on stages: Stage-4
""
STAGE PLANS:
  Stage: Stage-12
    Conditional Operator
""
  Stage: Stage-15
    Map Reduce Local Work
      Alias -> Map Local Tables:
        $hdt$_0:$hdt$_1:cust 
          Fetch Operator
            limit: -1
      Alias -> Map Local Operator Tree:
        $hdt$_0:$hdt$_1:cust 
          TableScan
            alias: cust
            Statistics: Num rows: 100000 Data size: 19796322 Basic stats: COMPLETE Column stats: NONE
            Filter Operator
              predicate: (ind is not null and website is not null) (type: boolean)
              Statistics: Num rows: 100000 Data size: 19796322 Basic stats: COMPLETE Column stats: NONE
              Select Operator
"                expressions: ind (type: string), website (type: string), part_year (type: smallint)"
"                outputColumnNames: _col0, _col1, _col2"
                Statistics: Num rows: 100000 Data size: 19796322 Basic stats: COMPLETE Column stats: NONE
                HashTable Sink Operator
                  keys:
                    0 _col1 (type: string)
                    1 _col1 (type: string)
""
  Stage: Stage-10
    Map Reduce
      Map Operator Tree:
          TableScan
            alias: org
            Statistics: Num rows: 100000 Data size: 16050447 Basic stats: COMPLETE Column stats: NONE
            Filter Operator
              predicate: website is not null (type: boolean)
              Statistics: Num rows: 100000 Data size: 16050447 Basic stats: COMPLETE Column stats: NONE
              Select Operator
"                expressions: org_name (type: string), website (type: string)"
"                outputColumnNames: _col0, _col1"
                Statistics: Num rows: 100000 Data size: 16050447 Basic stats: COMPLETE Column stats: NONE
                Map Join Operator
                  condition map:
                       Inner Join 0 to 1
                  keys:
                    0 _col1 (type: string)
                    1 _col1 (type: string)
"                  outputColumnNames: _col0, _col2, _col4"
                  Statistics: Num rows: 110000 Data size: 17655492 Basic stats: COMPLETE Column stats: NONE
                  File Output Operator
                    compressed: false
                    table:
                        input format: org.apache.hadoop.mapred.SequenceFileInputFormat
                        output format: org.apache.hadoop.hive.ql.io.HiveSequenceFileOutputFormat
                        serde: org.apache.hadoop.hive.serde2.lazybinary.LazyBinarySerDe
      Local Work:
        Map Reduce Local Work
""
  Stage: Stage-9
    Conditional Operator
""
  Stage: Stage-13
    Map Reduce Local Work
      Alias -> Map Local Tables:
        $hdt$_0:$hdt$_2:ppl 
          Fetch Operator
            limit: -1
      Alias -> Map Local Operator Tree:
        $hdt$_0:$hdt$_2:ppl 
          TableScan
            alias: ppl
            Statistics: Num rows: 100000 Data size: 13647555 Basic stats: COMPLETE Column stats: NONE
            Filter Operator
              predicate: ind is not null (type: boolean)
              Statistics: Num rows: 100000 Data size: 13647555 Basic stats: COMPLETE Column stats: NONE
              Select Operator
"                expressions: ind (type: string), birth_date (type: string)"
"                outputColumnNames: _col0, _col1"
                Statistics: Num rows: 100000 Data size: 13647555 Basic stats: COMPLETE Column stats: NONE
                HashTable Sink Operator
                  keys:
                    0 _col2 (type: string)
                    1 _col0 (type: string)
""
  Stage: Stage-7
    Map Reduce
      Map Operator Tree:
          TableScan
            Map Join Operator
              condition map:
                   Inner Join 0 to 1
              keys:
                0 _col2 (type: string)
                1 _col0 (type: string)
"              outputColumnNames: _col0, _col4, _col6"
              Statistics: Num rows: 121000 Data size: 19421041 Basic stats: COMPLETE Column stats: NONE
              Select Operator
"                expressions: _col0 (type: string), _col4 (type: smallint), CASE WHEN ((datediff(2023-11-12, CAST( _col6 AS DATE)) <= 6570)) THEN (1) ELSE (0) END (type: int), CASE WHEN (((datediff(2023-11-12, CAST( _col6 AS DATE)) > 6570) and (datediff(2023-11-12, CAST( _col6 AS DATE)) <= 9125))) THEN (1) ELSE (0) END (type: int), CASE WHEN (((datediff(2023-11-12, CAST( _col6 AS DATE)) > 9125) and (datediff(2023-11-12, CAST( _col6 AS DATE)) <= 12775))) THEN (1) ELSE (0) END (type: int), CASE WHEN (((datediff(2023-11-12, CAST( _col6 AS DATE)) > 12775) and (datediff(2023-11-12, CAST( _col6 AS DATE)) <= 16425))) THEN (1) ELSE (0) END (type: int), CASE WHEN (((datediff(2023-11-12, CAST( _col6 AS DATE)) > 16425) and (datediff(2023-11-12, CAST( _col6 AS DATE)) <= 20075))) THEN (1) ELSE (0) END (type: int), CASE WHEN ((datediff(2023-11-12, CAST( _col6 AS DATE)) > 20075)) THEN (1) ELSE (0) END (type: int)"
"                outputColumnNames: _col0, _col1, _col2, _col3, _col4, _col5, _col6, _col7"
                Statistics: Num rows: 121000 Data size: 19421041 Basic stats: COMPLETE Column stats: NONE
                Group By Operator
"                  aggregations: sum(_col2), sum(_col3), sum(_col4), sum(_col5), sum(_col6), sum(_col7)"
"                  keys: _col0 (type: string), _col1 (type: smallint)"
                  mode: hash
"                  outputColumnNames: _col0, _col1, _col2, _col3, _col4, _col5, _col6, _col7"
                  Statistics: Num rows: 121000 Data size: 19421041 Basic stats: COMPLETE Column stats: NONE
                  File Output Operator
                    compressed: false
                    table:
                        input format: org.apache.hadoop.mapred.SequenceFileInputFormat
                        output format: org.apache.hadoop.hive.ql.io.HiveSequenceFileOutputFormat
                        serde: org.apache.hadoop.hive.serde2.lazybinary.LazyBinarySerDe
      Local Work:
        Map Reduce Local Work
""
  Stage: Stage-3
    Map Reduce
      Map Operator Tree:
          TableScan
            Reduce Output Operator
"              key expressions: _col0 (type: string), _col1 (type: smallint)"
              sort order: ++
"              Map-reduce partition columns: _col0 (type: string), _col1 (type: smallint)"
              Statistics: Num rows: 121000 Data size: 19421041 Basic stats: COMPLETE Column stats: NONE
"              value expressions: _col2 (type: bigint), _col3 (type: bigint), _col4 (type: bigint), _col5 (type: bigint), _col6 (type: bigint), _col7 (type: bigint)"
      Reduce Operator Tree:
        Group By Operator
"          aggregations: sum(VALUE._col0), sum(VALUE._col1), sum(VALUE._col2), sum(VALUE._col3), sum(VALUE._col4), sum(VALUE._col5)"
"          keys: KEY._col0 (type: string), KEY._col1 (type: smallint)"
          mode: mergepartial
"          outputColumnNames: _col0, _col1, _col2, _col3, _col4, _col5, _col6, _col7"
          Statistics: Num rows: 60500 Data size: 9710520 Basic stats: COMPLETE Column stats: NONE
          Select Operator
"            expressions: _col0 (type: string), _col1 (type: smallint), CASE WHEN ((greatest(_col2,_col3,_col4,_col5,_col6,_col7) = _col2)) THEN ('[0 - 18]') WHEN ((greatest(_col2,_col3,_col4,_col5,_col6,_col7) = _col3)) THEN ('[19 - 25]') WHEN ((greatest(_col2,_col3,_col4,_col5,_col6,_col7) = _col4)) THEN ('[26 - 35]') WHEN ((greatest(_col2,_col3,_col4,_col5,_col6,_col7) = _col5)) THEN ('[36 - 45]') WHEN ((greatest(_col2,_col3,_col4,_col5,_col6,_col7) = _col6)) THEN ('[46 - 55]') ELSE ('[55+]') END (type: string)"
"            outputColumnNames: _col0, _col1, _col2"
            Statistics: Num rows: 60500 Data size: 9710520 Basic stats: COMPLETE Column stats: NONE
            File Output Operator
              compressed: false
              table:
                  input format: org.apache.hadoop.mapred.SequenceFileInputFormat
                  output format: org.apache.hadoop.hive.ql.io.HiveSequenceFileOutputFormat
                  serde: org.apache.hadoop.hive.serde2.lazybinary.LazyBinarySerDe
""
  Stage: Stage-4
    Map Reduce
      Map Operator Tree:
          TableScan
            Reduce Output Operator
"              key expressions: _col0 (type: string), _col1 (type: smallint)"
              sort order: ++
              Statistics: Num rows: 60500 Data size: 9710520 Basic stats: COMPLETE Column stats: NONE
              value expressions: _col2 (type: string)
      Reduce Operator Tree:
        Select Operator
"          expressions: KEY.reducesinkkey0 (type: string), KEY.reducesinkkey1 (type: smallint), VALUE._col0 (type: string)"
"          outputColumnNames: _col0, _col1, _col2"
          Statistics: Num rows: 60500 Data size: 9710520 Basic stats: COMPLETE Column stats: NONE
          File Output Operator
            compressed: false
            Statistics: Num rows: 60500 Data size: 9710520 Basic stats: COMPLETE Column stats: NONE
            table:
                input format: org.apache.hadoop.mapred.SequenceFileInputFormat
                output format: org.apache.hadoop.hive.ql.io.HiveSequenceFileOutputFormat
                serde: org.apache.hadoop.hive.serde2.lazy.LazySimpleSerDe
""
  Stage: Stage-14
    Map Reduce Local Work
      Alias -> Map Local Tables:
        $hdt$_0:$INTNAME 
          Fetch Operator
            limit: -1
      Alias -> Map Local Operator Tree:
        $hdt$_0:$INTNAME 
          TableScan
            HashTable Sink Operator
              keys:
                0 _col2 (type: string)
                1 _col0 (type: string)
""
  Stage: Stage-8
    Map Reduce
      Map Operator Tree:
          TableScan
            alias: ppl
            Statistics: Num rows: 100000 Data size: 13647555 Basic stats: COMPLETE Column stats: NONE
            Filter Operator
              predicate: ind is not null (type: boolean)
              Statistics: Num rows: 100000 Data size: 13647555 Basic stats: COMPLETE Column stats: NONE
              Select Operator
"                expressions: ind (type: string), birth_date (type: string)"
"                outputColumnNames: _col0, _col1"
                Statistics: Num rows: 100000 Data size: 13647555 Basic stats: COMPLETE Column stats: NONE
                Map Join Operator
                  condition map:
                       Inner Join 0 to 1
                  keys:
                    0 _col2 (type: string)
                    1 _col0 (type: string)
"                  outputColumnNames: _col0, _col4, _col6"
                  Statistics: Num rows: 121000 Data size: 19421041 Basic stats: COMPLETE Column stats: NONE
                  Select Operator
"                    expressions: _col0 (type: string), _col4 (type: smallint), CASE WHEN ((datediff(2023-11-12, CAST( _col6 AS DATE)) <= 6570)) THEN (1) ELSE (0) END (type: int), CASE WHEN (((datediff(2023-11-12, CAST( _col6 AS DATE)) > 6570) and (datediff(2023-11-12, CAST( _col6 AS DATE)) <= 9125))) THEN (1) ELSE (0) END (type: int), CASE WHEN (((datediff(2023-11-12, CAST( _col6 AS DATE)) > 9125) and (datediff(2023-11-12, CAST( _col6 AS DATE)) <= 12775))) THEN (1) ELSE (0) END (type: int), CASE WHEN (((datediff(2023-11-12, CAST( _col6 AS DATE)) > 12775) and (datediff(2023-11-12, CAST( _col6 AS DATE)) <= 16425))) THEN (1) ELSE (0) END (type: int), CASE WHEN (((datediff(2023-11-12, CAST( _col6 AS DATE)) > 16425) and (datediff(2023-11-12, CAST( _col6 AS DATE)) <= 20075))) THEN (1) ELSE (0) END (type: int), CASE WHEN ((datediff(2023-11-12, CAST( _col6 AS DATE)) > 20075)) THEN (1) ELSE (0) END (type: int)"
"                    outputColumnNames: _col0, _col1, _col2, _col3, _col4, _col5, _col6, _col7"
                    Statistics: Num rows: 121000 Data size: 19421041 Basic stats: COMPLETE Column stats: NONE
                    Group By Operator
"                      aggregations: sum(_col2), sum(_col3), sum(_col4), sum(_col5), sum(_col6), sum(_col7)"
"                      keys: _col0 (type: string), _col1 (type: smallint)"
                      mode: hash
"                      outputColumnNames: _col0, _col1, _col2, _col3, _col4, _col5, _col6, _col7"
                      Statistics: Num rows: 121000 Data size: 19421041 Basic stats: COMPLETE Column stats: NONE
                      File Output Operator
                        compressed: false
                        table:
                            input format: org.apache.hadoop.mapred.SequenceFileInputFormat
                            output format: org.apache.hadoop.hive.ql.io.HiveSequenceFileOutputFormat
                            serde: org.apache.hadoop.hive.serde2.lazybinary.LazyBinarySerDe
      Local Work:
        Map Reduce Local Work
""
  Stage: Stage-2
    Map Reduce
      Map Operator Tree:
          TableScan
            Reduce Output Operator
              key expressions: _col2 (type: string)
              sort order: +
              Map-reduce partition columns: _col2 (type: string)
              Statistics: Num rows: 110000 Data size: 17655492 Basic stats: COMPLETE Column stats: NONE
"              value expressions: _col0 (type: string), _col4 (type: smallint)"
          TableScan
            alias: ppl
            Statistics: Num rows: 100000 Data size: 13647555 Basic stats: COMPLETE Column stats: NONE
            Filter Operator
              predicate: ind is not null (type: boolean)
              Statistics: Num rows: 100000 Data size: 13647555 Basic stats: COMPLETE Column stats: NONE
              Select Operator
"                expressions: ind (type: string), birth_date (type: string)"
"                outputColumnNames: _col0, _col1"
                Statistics: Num rows: 100000 Data size: 13647555 Basic stats: COMPLETE Column stats: NONE
                Reduce Output Operator
                  key expressions: _col0 (type: string)
                  sort order: +
                  Map-reduce partition columns: _col0 (type: string)
                  Statistics: Num rows: 100000 Data size: 13647555 Basic stats: COMPLETE Column stats: NONE
                  value expressions: _col1 (type: string)
      Reduce Operator Tree:
        Join Operator
          condition map:
               Inner Join 0 to 1
          keys:
            0 _col2 (type: string)
            1 _col0 (type: string)
"          outputColumnNames: _col0, _col4, _col6"
          Statistics: Num rows: 121000 Data size: 19421041 Basic stats: COMPLETE Column stats: NONE
          Select Operator
"            expressions: _col0 (type: string), _col4 (type: smallint), CASE WHEN ((datediff(2023-11-12, CAST( _col6 AS DATE)) <= 6570)) THEN (1) ELSE (0) END (type: int), CASE WHEN (((datediff(2023-11-12, CAST( _col6 AS DATE)) > 6570) and (datediff(2023-11-12, CAST( _col6 AS DATE)) <= 9125))) THEN (1) ELSE (0) END (type: int), CASE WHEN (((datediff(2023-11-12, CAST( _col6 AS DATE)) > 9125) and (datediff(2023-11-12, CAST( _col6 AS DATE)) <= 12775))) THEN (1) ELSE (0) END (type: int), CASE WHEN (((datediff(2023-11-12, CAST( _col6 AS DATE)) > 12775) and (datediff(2023-11-12, CAST( _col6 AS DATE)) <= 16425))) THEN (1) ELSE (0) END (type: int), CASE WHEN (((datediff(2023-11-12, CAST( _col6 AS DATE)) > 16425) and (datediff(2023-11-12, CAST( _col6 AS DATE)) <= 20075))) THEN (1) ELSE (0) END (type: int), CASE WHEN ((datediff(2023-11-12, CAST( _col6 AS DATE)) > 20075)) THEN (1) ELSE (0) END (type: int)"
"            outputColumnNames: _col0, _col1, _col2, _col3, _col4, _col5, _col6, _col7"
            Statistics: Num rows: 121000 Data size: 19421041 Basic stats: COMPLETE Column stats: NONE
            Group By Operator
"              aggregations: sum(_col2), sum(_col3), sum(_col4), sum(_col5), sum(_col6), sum(_col7)"
"              keys: _col0 (type: string), _col1 (type: smallint)"
              mode: hash
"              outputColumnNames: _col0, _col1, _col2, _col3, _col4, _col5, _col6, _col7"
              Statistics: Num rows: 121000 Data size: 19421041 Basic stats: COMPLETE Column stats: NONE
              File Output Operator
                compressed: false
                table:
                    input format: org.apache.hadoop.mapred.SequenceFileInputFormat
                    output format: org.apache.hadoop.hive.ql.io.HiveSequenceFileOutputFormat
                    serde: org.apache.hadoop.hive.serde2.lazybinary.LazyBinarySerDe
""
  Stage: Stage-16
    Map Reduce Local Work
      Alias -> Map Local Tables:
        $hdt$_0:$hdt$_0:org 
          Fetch Operator
            limit: -1
      Alias -> Map Local Operator Tree:
        $hdt$_0:$hdt$_0:org 
          TableScan
            alias: org
            Statistics: Num rows: 100000 Data size: 16050447 Basic stats: COMPLETE Column stats: NONE
            Filter Operator
              predicate: website is not null (type: boolean)
              Statistics: Num rows: 100000 Data size: 16050447 Basic stats: COMPLETE Column stats: NONE
              Select Operator
"                expressions: org_name (type: string), website (type: string)"
"                outputColumnNames: _col0, _col1"
                Statistics: Num rows: 100000 Data size: 16050447 Basic stats: COMPLETE Column stats: NONE
                HashTable Sink Operator
                  keys:
                    0 _col1 (type: string)
                    1 _col1 (type: string)
""
  Stage: Stage-11
    Map Reduce
      Map Operator Tree:
          TableScan
            alias: cust
            Statistics: Num rows: 100000 Data size: 19796322 Basic stats: COMPLETE Column stats: NONE
            Filter Operator
              predicate: (ind is not null and website is not null) (type: boolean)
              Statistics: Num rows: 100000 Data size: 19796322 Basic stats: COMPLETE Column stats: NONE
              Select Operator
"                expressions: ind (type: string), website (type: string), part_year (type: smallint)"
"                outputColumnNames: _col0, _col1, _col2"
                Statistics: Num rows: 100000 Data size: 19796322 Basic stats: COMPLETE Column stats: NONE
                Map Join Operator
                  condition map:
                       Inner Join 0 to 1
                  keys:
                    0 _col1 (type: string)
                    1 _col1 (type: string)
"                  outputColumnNames: _col0, _col2, _col4"
                  Statistics: Num rows: 110000 Data size: 17655492 Basic stats: COMPLETE Column stats: NONE
                  File Output Operator
                    compressed: false
                    table:
                        input format: org.apache.hadoop.mapred.SequenceFileInputFormat
                        output format: org.apache.hadoop.hive.ql.io.HiveSequenceFileOutputFormat
                        serde: org.apache.hadoop.hive.serde2.lazybinary.LazyBinarySerDe
      Local Work:
        Map Reduce Local Work
""
  Stage: Stage-1
    Map Reduce
      Map Operator Tree:
          TableScan
            alias: org
            Statistics: Num rows: 100000 Data size: 16050447 Basic stats: COMPLETE Column stats: NONE
            Filter Operator
              predicate: website is not null (type: boolean)
              Statistics: Num rows: 100000 Data size: 16050447 Basic stats: COMPLETE Column stats: NONE
              Select Operator
"                expressions: org_name (type: string), website (type: string)"
"                outputColumnNames: _col0, _col1"
                Statistics: Num rows: 100000 Data size: 16050447 Basic stats: COMPLETE Column stats: NONE
                Reduce Output Operator
                  key expressions: _col1 (type: string)
                  sort order: +
                  Map-reduce partition columns: _col1 (type: string)
                  Statistics: Num rows: 100000 Data size: 16050447 Basic stats: COMPLETE Column stats: NONE
                  value expressions: _col0 (type: string)
          TableScan
            alias: cust
            Statistics: Num rows: 100000 Data size: 19796322 Basic stats: COMPLETE Column stats: NONE
            Filter Operator
              predicate: (ind is not null and website is not null) (type: boolean)
              Statistics: Num rows: 100000 Data size: 19796322 Basic stats: COMPLETE Column stats: NONE
              Select Operator
"                expressions: ind (type: string), website (type: string), part_year (type: smallint)"
"                outputColumnNames: _col0, _col1, _col2"
                Statistics: Num rows: 100000 Data size: 19796322 Basic stats: COMPLETE Column stats: NONE
                Reduce Output Operator
                  key expressions: _col1 (type: string)
                  sort order: +
                  Map-reduce partition columns: _col1 (type: string)
                  Statistics: Num rows: 100000 Data size: 19796322 Basic stats: COMPLETE Column stats: NONE
"                  value expressions: _col0 (type: string), _col2 (type: smallint)"
      Reduce Operator Tree:
        Join Operator
          condition map:
               Inner Join 0 to 1
          keys:
            0 _col1 (type: string)
            1 _col1 (type: string)
"          outputColumnNames: _col0, _col2, _col4"
          Statistics: Num rows: 110000 Data size: 17655492 Basic stats: COMPLETE Column stats: NONE
          File Output Operator
            compressed: false
            table:
                input format: org.apache.hadoop.mapred.SequenceFileInputFormat
                output format: org.apache.hadoop.hive.ql.io.HiveSequenceFileOutputFormat
                serde: org.apache.hadoop.hive.serde2.lazybinary.LazyBinarySerDe
""
  Stage: Stage-0
    Fetch Operator
      limit: -1
      Processor Tree:
        ListSink
""
